CRITICAL - 2022-07-23 16:06:00 --> Call to undefined function set_value()
in APPPATH\Views\user\login\login.php on line 84.
 1 SYSTEMPATH\View\View.php(213): include()
 2 SYSTEMPATH\View\View.php(216): CodeIgniter\View\View->CodeIgniter\View\{closure}()
 3 SYSTEMPATH\Common.php(1135): CodeIgniter\View\View->render('user/login/login', [], true)
 4 APPPATH\Controllers\Logout.php(12): view('user/login/login')
 5 SYSTEMPATH\CodeIgniter.php(896): App\Controllers\Logout->logout()
 6 SYSTEMPATH\CodeIgniter.php(466): CodeIgniter\CodeIgniter->runController(Object(App\Controllers\Logout))
 7 SYSTEMPATH\CodeIgniter.php(349): CodeIgniter\CodeIgniter->handleRequest(null, Object(Config\Cache), false)
 8 FCPATH\index.php(55): CodeIgniter\CodeIgniter->run()
CRITICAL - 2022-07-23 16:07:05 --> Call to undefined function set_value()
in APPPATH\Views\user\login\login.php on line 84.
 1 SYSTEMPATH\View\View.php(213): include()
 2 SYSTEMPATH\View\View.php(216): CodeIgniter\View\View->CodeIgniter\View\{closure}()
 3 SYSTEMPATH\Common.php(1135): CodeIgniter\View\View->render('user/login/login', [], true)
 4 APPPATH\Controllers\Logout.php(12): view('user/login/login')
 5 SYSTEMPATH\CodeIgniter.php(896): App\Controllers\Logout->logout()
 6 SYSTEMPATH\CodeIgniter.php(466): CodeIgniter\CodeIgniter->runController(Object(App\Controllers\Logout))
 7 SYSTEMPATH\CodeIgniter.php(349): CodeIgniter\CodeIgniter->handleRequest(null, Object(Config\Cache), false)
 8 FCPATH\index.php(55): CodeIgniter\CodeIgniter->run()
CRITICAL - 2022-07-23 16:07:08 --> Call to undefined function set_value()
in APPPATH\Views\user\login\login.php on line 84.
 1 SYSTEMPATH\View\View.php(213): include()
 2 SYSTEMPATH\View\View.php(216): CodeIgniter\View\View->CodeIgniter\View\{closure}()
 3 SYSTEMPATH\Common.php(1135): CodeIgniter\View\View->render('user/login/login', [], true)
 4 APPPATH\Controllers\Logout.php(12): view('user/login/login')
 5 SYSTEMPATH\CodeIgniter.php(896): App\Controllers\Logout->logout()
 6 SYSTEMPATH\CodeIgniter.php(466): CodeIgniter\CodeIgniter->runController(Object(App\Controllers\Logout))
 7 SYSTEMPATH\CodeIgniter.php(349): CodeIgniter\CodeIgniter->handleRequest(null, Object(Config\Cache), false)
 8 FCPATH\index.php(55): CodeIgniter\CodeIgniter->run()
CRITICAL - 2022-07-23 16:07:45 --> Call to undefined function set_value()
in APPPATH\Views\user\login\login.php on line 84.
 1 SYSTEMPATH\View\View.php(213): include()
 2 SYSTEMPATH\View\View.php(216): CodeIgniter\View\View->CodeIgniter\View\{closure}()
 3 SYSTEMPATH\Common.php(1135): CodeIgniter\View\View->render('user/login/login', [], true)
 4 APPPATH\Controllers\Logout.php(12): view('user/login/login')
 5 SYSTEMPATH\CodeIgniter.php(896): App\Controllers\Logout->logout()
 6 SYSTEMPATH\CodeIgniter.php(466): CodeIgniter\CodeIgniter->runController(Object(App\Controllers\Logout))
 7 SYSTEMPATH\CodeIgniter.php(349): CodeIgniter\CodeIgniter->handleRequest(null, Object(Config\Cache), false)
 8 FCPATH\index.php(55): CodeIgniter\CodeIgniter->run()
CRITICAL - 2022-07-23 16:25:50 --> session_destroy(): Trying to destroy uninitialized session
in APPPATH\Controllers\UserLogout.php on line 11.
 1 [internal function]: CodeIgniter\Debug\Exceptions->errorHandler(2, 'session_destroy(): Trying to destroy uninitialized session', 'APPPATH\\Controllers\\UserLogout.php', 11)
 2 APPPATH\Controllers\UserLogout.php(11): session_destroy()
 3 SYSTEMPATH\CodeIgniter.php(896): App\Controllers\UserLogout->logout()
 4 SYSTEMPATH\CodeIgniter.php(466): CodeIgniter\CodeIgniter->runController(Object(App\Controllers\UserLogout))
 5 SYSTEMPATH\CodeIgniter.php(349): CodeIgniter\CodeIgniter->handleRequest(null, Object(Config\Cache), false)
 6 FCPATH\index.php(55): CodeIgniter\CodeIgniter->run()
CRITICAL - 2022-07-23 16:26:25 --> ini_set(): Session ini settings cannot be changed when a session is active
in SYSTEMPATH\Session\Handlers\FileHandler.php on line 71.
 1 [internal function]: CodeIgniter\Debug\Exceptions->errorHandler(2, 'ini_set(): Session ini settings cannot be changed when a session is active', 'SYSTEMPATH\\Session\\Handlers\\FileHandler.php', 71)
 2 SYSTEMPATH\Session\Handlers\FileHandler.php(71): ini_set('session.save_path', 'FCPATH\\writable\\session')
 3 SYSTEMPATH\Config\Services.php(606): CodeIgniter\Session\Handlers\FileHandler->__construct(Object(Config\App), '::1')
 4 SYSTEMPATH\Config\BaseService.php(251): CodeIgniter\Config\Services::session(Object(Config\App), false)
 5 SYSTEMPATH\Config\BaseService.php(192): CodeIgniter\Config\BaseService::__callStatic('session', [...])
 6 SYSTEMPATH\Config\Services.php(585): CodeIgniter\Config\BaseService::getSharedInstance('session', null)
 7 SYSTEMPATH\Config\BaseService.php(251): CodeIgniter\Config\Services::session()
 8 SYSTEMPATH\Common.php(932): CodeIgniter\Config\BaseService::__callStatic('session', [])
 9 APPPATH\Controllers\UserLogout.php(10): session('username')
10 SYSTEMPATH\CodeIgniter.php(896): App\Controllers\UserLogout->logout()
11 SYSTEMPATH\CodeIgniter.php(466): CodeIgniter\CodeIgniter->runController(Object(App\Controllers\UserLogout))
12 SYSTEMPATH\CodeIgniter.php(349): CodeIgniter\CodeIgniter->handleRequest(null, Object(Config\Cache), false)
13 FCPATH\index.php(55): CodeIgniter\CodeIgniter->run()
CRITICAL - 2022-07-23 16:26:59 --> ini_set(): Session ini settings cannot be changed when a session is active
in SYSTEMPATH\Session\Handlers\FileHandler.php on line 71.
 1 [internal function]: CodeIgniter\Debug\Exceptions->errorHandler(2, 'ini_set(): Session ini settings cannot be changed when a session is active', 'SYSTEMPATH\\Session\\Handlers\\FileHandler.php', 71)
 2 SYSTEMPATH\Session\Handlers\FileHandler.php(71): ini_set('session.save_path', 'FCPATH\\writable\\session')
 3 SYSTEMPATH\Config\Services.php(606): CodeIgniter\Session\Handlers\FileHandler->__construct(Object(Config\App), '::1')
 4 SYSTEMPATH\Config\BaseService.php(251): CodeIgniter\Config\Services::session(Object(Config\App), false)
 5 SYSTEMPATH\Config\BaseService.php(192): CodeIgniter\Config\BaseService::__callStatic('session', [...])
 6 SYSTEMPATH\Config\Services.php(585): CodeIgniter\Config\BaseService::getSharedInstance('session', null)
 7 SYSTEMPATH\Config\BaseService.php(251): CodeIgniter\Config\Services::session()
 8 SYSTEMPATH\Common.php(932): CodeIgniter\Config\BaseService::__callStatic('session', [])
 9 APPPATH\Controllers\UserLogout.php(10): session('username')
10 SYSTEMPATH\CodeIgniter.php(896): App\Controllers\UserLogout->logout()
11 SYSTEMPATH\CodeIgniter.php(466): CodeIgniter\CodeIgniter->runController(Object(App\Controllers\UserLogout))
12 SYSTEMPATH\CodeIgniter.php(349): CodeIgniter\CodeIgniter->handleRequest(null, Object(Config\Cache), false)
13 FCPATH\index.php(55): CodeIgniter\CodeIgniter->run()
CRITICAL - 2022-07-23 16:27:04 --> ini_set(): Session ini settings cannot be changed when a session is active
in SYSTEMPATH\Session\Handlers\FileHandler.php on line 71.
 1 [internal function]: CodeIgniter\Debug\Exceptions->errorHandler(2, 'ini_set(): Session ini settings cannot be changed when a session is active', 'SYSTEMPATH\\Session\\Handlers\\FileHandler.php', 71)
 2 SYSTEMPATH\Session\Handlers\FileHandler.php(71): ini_set('session.save_path', 'FCPATH\\writable\\session')
 3 SYSTEMPATH\Config\Services.php(606): CodeIgniter\Session\Handlers\FileHandler->__construct(Object(Config\App), '::1')
 4 SYSTEMPATH\Config\BaseService.php(251): CodeIgniter\Config\Services::session(Object(Config\App), false)
 5 SYSTEMPATH\Config\BaseService.php(192): CodeIgniter\Config\BaseService::__callStatic('session', [...])
 6 SYSTEMPATH\Config\Services.php(585): CodeIgniter\Config\BaseService::getSharedInstance('session', null)
 7 SYSTEMPATH\Config\BaseService.php(251): CodeIgniter\Config\Services::session()
 8 SYSTEMPATH\Common.php(932): CodeIgniter\Config\BaseService::__callStatic('session', [])
 9 APPPATH\Controllers\UserLogout.php(10): session('username')
10 SYSTEMPATH\CodeIgniter.php(896): App\Controllers\UserLogout->logout()
11 SYSTEMPATH\CodeIgniter.php(466): CodeIgniter\CodeIgniter->runController(Object(App\Controllers\UserLogout))
12 SYSTEMPATH\CodeIgniter.php(349): CodeIgniter\CodeIgniter->handleRequest(null, Object(Config\Cache), false)
13 FCPATH\index.php(55): CodeIgniter\CodeIgniter->run()
CRITICAL - 2022-07-23 16:27:05 --> ini_set(): Session ini settings cannot be changed when a session is active
in SYSTEMPATH\Session\Handlers\FileHandler.php on line 71.
 1 [internal function]: CodeIgniter\Debug\Exceptions->errorHandler(2, 'ini_set(): Session ini settings cannot be changed when a session is active', 'SYSTEMPATH\\Session\\Handlers\\FileHandler.php', 71)
 2 SYSTEMPATH\Session\Handlers\FileHandler.php(71): ini_set('session.save_path', 'FCPATH\\writable\\session')
 3 SYSTEMPATH\Config\Services.php(606): CodeIgniter\Session\Handlers\FileHandler->__construct(Object(Config\App), '::1')
 4 SYSTEMPATH\Config\BaseService.php(251): CodeIgniter\Config\Services::session(Object(Config\App), false)
 5 SYSTEMPATH\Config\BaseService.php(192): CodeIgniter\Config\BaseService::__callStatic('session', [...])
 6 SYSTEMPATH\Config\Services.php(585): CodeIgniter\Config\BaseService::getSharedInstance('session', null)
 7 SYSTEMPATH\Config\BaseService.php(251): CodeIgniter\Config\Services::session()
 8 SYSTEMPATH\Common.php(932): CodeIgniter\Config\BaseService::__callStatic('session', [])
 9 APPPATH\Controllers\UserLogout.php(10): session('username')
10 SYSTEMPATH\CodeIgniter.php(896): App\Controllers\UserLogout->logout()
11 SYSTEMPATH\CodeIgniter.php(466): CodeIgniter\CodeIgniter->runController(Object(App\Controllers\UserLogout))
12 SYSTEMPATH\CodeIgniter.php(349): CodeIgniter\CodeIgniter->handleRequest(null, Object(Config\Cache), false)
13 FCPATH\index.php(55): CodeIgniter\CodeIgniter->run()
CRITICAL - 2022-07-23 17:08:17 --> Undefined variable $seller_deals
in APPPATH\Views\user\category\category.php on line 241.
 1 APPPATH\Views\user\category\category.php(241): CodeIgniter\Debug\Exceptions->errorHandler(2, 'Undefined variable $seller_deals', 'APPPATH\\Views\\user\\category\\category.php', 241)
 2 SYSTEMPATH\View\View.php(213): include('APPPATH\\Views\\user\\category\\category.php')
 3 SYSTEMPATH\View\View.php(216): CodeIgniter\View\View->CodeIgniter\View\{closure}()
 4 SYSTEMPATH\Common.php(1135): CodeIgniter\View\View->render('user/category/category', [], true)
 5 APPPATH\Controllers\Category.php(10): view('user/category/category')
 6 SYSTEMPATH\CodeIgniter.php(896): App\Controllers\Category->category()
 7 SYSTEMPATH\CodeIgniter.php(466): CodeIgniter\CodeIgniter->runController(Object(App\Controllers\Category))
 8 SYSTEMPATH\CodeIgniter.php(349): CodeIgniter\CodeIgniter->handleRequest(null, Object(Config\Cache), false)
 9 FCPATH\index.php(55): CodeIgniter\CodeIgniter->run()
CRITICAL - 2022-07-23 17:13:46 --> Undefined variable $product
in APPPATH\Views\user\category\category.php on line 241.
 1 APPPATH\Views\user\category\category.php(241): CodeIgniter\Debug\Exceptions->errorHandler(2, 'Undefined variable $product', 'APPPATH\\Views\\user\\category\\category.php', 241)
 2 SYSTEMPATH\View\View.php(213): include('APPPATH\\Views\\user\\category\\category.php')
 3 SYSTEMPATH\View\View.php(216): CodeIgniter\View\View->CodeIgniter\View\{closure}()
 4 SYSTEMPATH\Common.php(1135): CodeIgniter\View\View->render('user/category/category', [], true)
 5 APPPATH\Controllers\Category.php(12): view('user/category/category', [...])
 6 SYSTEMPATH\CodeIgniter.php(896): App\Controllers\Category->category()
 7 SYSTEMPATH\CodeIgniter.php(466): CodeIgniter\CodeIgniter->runController(Object(App\Controllers\Category))
 8 SYSTEMPATH\CodeIgniter.php(349): CodeIgniter\CodeIgniter->handleRequest(null, Object(Config\Cache), false)
 9 FCPATH\index.php(55): CodeIgniter\CodeIgniter->run()
