CRITICAL - 2022-07-30 00:17:44 --> Trying to access array offset on value of type null
in APPPATH\Controllers\Cart.php on line 23.
 1 APPPATH\Controllers\Cart.php(23): CodeIgniter\Debug\Exceptions->errorHandler(2, 'Trying to access array offset on value of type null', 'APPPATH\\Controllers\\Cart.php', 23)
 2 SYSTEMPATH\CodeIgniter.php(896): App\Controllers\Cart->cart()
 3 SYSTEMPATH\CodeIgniter.php(466): CodeIgniter\CodeIgniter->runController(Object(App\Controllers\Cart))
 4 SYSTEMPATH\CodeIgniter.php(349): CodeIgniter\CodeIgniter->handleRequest(null, Object(Config\Cache), false)
 5 FCPATH\index.php(55): CodeIgniter\CodeIgniter->run()
CRITICAL - 2022-07-30 06:45:30 --> Trying to access array offset on value of type null
in APPPATH\Controllers\Cart.php on line 23.
 1 APPPATH\Controllers\Cart.php(23): CodeIgniter\Debug\Exceptions->errorHandler(2, 'Trying to access array offset on value of type null', 'APPPATH\\Controllers\\Cart.php', 23)
 2 SYSTEMPATH\CodeIgniter.php(896): App\Controllers\Cart->cart()
 3 SYSTEMPATH\CodeIgniter.php(466): CodeIgniter\CodeIgniter->runController(Object(App\Controllers\Cart))
 4 SYSTEMPATH\CodeIgniter.php(349): CodeIgniter\CodeIgniter->handleRequest(null, Object(Config\Cache), false)
 5 FCPATH\index.php(55): CodeIgniter\CodeIgniter->run()
CRITICAL - 2022-07-30 07:40:38 --> Trying to access array offset on value of type null
in APPPATH\Controllers\Cart.php on line 23.
 1 APPPATH\Controllers\Cart.php(23): CodeIgniter\Debug\Exceptions->errorHandler(2, 'Trying to access array offset on value of type null', 'APPPATH\\Controllers\\Cart.php', 23)
 2 SYSTEMPATH\CodeIgniter.php(896): App\Controllers\Cart->cart()
 3 SYSTEMPATH\CodeIgniter.php(466): CodeIgniter\CodeIgniter->runController(Object(App\Controllers\Cart))
 4 SYSTEMPATH\CodeIgniter.php(349): CodeIgniter\CodeIgniter->handleRequest(null, Object(Config\Cache), false)
 5 FCPATH\index.php(55): CodeIgniter\CodeIgniter->run()
CRITICAL - 2022-07-30 07:40:58 --> Trying to access array offset on value of type null
in APPPATH\Controllers\Cart.php on line 23.
 1 APPPATH\Controllers\Cart.php(23): CodeIgniter\Debug\Exceptions->errorHandler(2, 'Trying to access array offset on value of type null', 'APPPATH\\Controllers\\Cart.php', 23)
 2 SYSTEMPATH\CodeIgniter.php(896): App\Controllers\Cart->cart()
 3 SYSTEMPATH\CodeIgniter.php(466): CodeIgniter\CodeIgniter->runController(Object(App\Controllers\Cart))
 4 SYSTEMPATH\CodeIgniter.php(349): CodeIgniter\CodeIgniter->handleRequest(null, Object(Config\Cache), false)
 5 FCPATH\index.php(55): CodeIgniter\CodeIgniter->run()
CRITICAL - 2022-07-30 07:43:19 --> Trying to access array offset on value of type null
in APPPATH\Controllers\Cart.php on line 26.
 1 APPPATH\Controllers\Cart.php(26): CodeIgniter\Debug\Exceptions->errorHandler(2, 'Trying to access array offset on value of type null', 'APPPATH\\Controllers\\Cart.php', 26)
 2 SYSTEMPATH\CodeIgniter.php(896): App\Controllers\Cart->cart()
 3 SYSTEMPATH\CodeIgniter.php(466): CodeIgniter\CodeIgniter->runController(Object(App\Controllers\Cart))
 4 SYSTEMPATH\CodeIgniter.php(349): CodeIgniter\CodeIgniter->handleRequest(null, Object(Config\Cache), false)
 5 FCPATH\index.php(55): CodeIgniter\CodeIgniter->run()
CRITICAL - 2022-07-30 07:50:09 --> Trying to access array offset on value of type null
in APPPATH\Controllers\Cart.php on line 26.
 1 APPPATH\Controllers\Cart.php(26): CodeIgniter\Debug\Exceptions->errorHandler(2, 'Trying to access array offset on value of type null', 'APPPATH\\Controllers\\Cart.php', 26)
 2 SYSTEMPATH\CodeIgniter.php(896): App\Controllers\Cart->cart()
 3 SYSTEMPATH\CodeIgniter.php(466): CodeIgniter\CodeIgniter->runController(Object(App\Controllers\Cart))
 4 SYSTEMPATH\CodeIgniter.php(349): CodeIgniter\CodeIgniter->handleRequest(null, Object(Config\Cache), false)
 5 FCPATH\index.php(55): CodeIgniter\CodeIgniter->run()
CRITICAL - 2022-07-30 07:52:59 --> Trying to access array offset on value of type null
in APPPATH\Controllers\Cart.php on line 26.
 1 APPPATH\Controllers\Cart.php(26): CodeIgniter\Debug\Exceptions->errorHandler(2, 'Trying to access array offset on value of type null', 'APPPATH\\Controllers\\Cart.php', 26)
 2 SYSTEMPATH\CodeIgniter.php(896): App\Controllers\Cart->cart()
 3 SYSTEMPATH\CodeIgniter.php(466): CodeIgniter\CodeIgniter->runController(Object(App\Controllers\Cart))
 4 SYSTEMPATH\CodeIgniter.php(349): CodeIgniter\CodeIgniter->handleRequest(null, Object(Config\Cache), false)
 5 FCPATH\index.php(55): CodeIgniter\CodeIgniter->run()
