CRITICAL - 2022-07-26 04:03:54 --> Array to string conversion
in APPPATH\Views\user\product\cart.php on line 80.
 1 APPPATH\Views\user\product\cart.php(80): CodeIgniter\Debug\Exceptions->errorHandler(2, 'Array to string conversion', 'APPPATH\\Views\\user\\product\\cart.php', 80)
 2 SYSTEMPATH\View\View.php(213): include('APPPATH\\Views\\user\\product\\cart.php')
 3 SYSTEMPATH\View\View.php(216): CodeIgniter\View\View->CodeIgniter\View\{closure}()
 4 SYSTEMPATH\Common.php(1135): CodeIgniter\View\View->render('user/product/cart', [], true)
 5 APPPATH\Controllers\Cart.php(22): view('user/product/cart')
 6 SYSTEMPATH\CodeIgniter.php(896): App\Controllers\Cart->cart()
 7 SYSTEMPATH\CodeIgniter.php(466): CodeIgniter\CodeIgniter->runController(Object(App\Controllers\Cart))
 8 SYSTEMPATH\CodeIgniter.php(349): CodeIgniter\CodeIgniter->handleRequest(null, Object(Config\Cache), false)
 9 FCPATH\index.php(55): CodeIgniter\CodeIgniter->run()
CRITICAL - 2022-07-26 04:04:33 --> Call to undefined method CodeIgniter\Session\Session::Flashdata()
in APPPATH\Views\user\product\cart.php on line 80.
 1 SYSTEMPATH\View\View.php(213): include()
 2 SYSTEMPATH\View\View.php(216): CodeIgniter\View\View->CodeIgniter\View\{closure}()
 3 SYSTEMPATH\Common.php(1135): CodeIgniter\View\View->render('user/product/cart', [], true)
 4 APPPATH\Controllers\Cart.php(22): view('user/product/cart')
 5 SYSTEMPATH\CodeIgniter.php(896): App\Controllers\Cart->cart()
 6 SYSTEMPATH\CodeIgniter.php(466): CodeIgniter\CodeIgniter->runController(Object(App\Controllers\Cart))
 7 SYSTEMPATH\CodeIgniter.php(349): CodeIgniter\CodeIgniter->handleRequest(null, Object(Config\Cache), false)
 8 FCPATH\index.php(55): CodeIgniter\CodeIgniter->run()
CRITICAL - 2022-07-26 04:09:24 --> Undefined variable $items
in APPPATH\Views\user\product\cart.php on line 80.
 1 APPPATH\Views\user\product\cart.php(80): CodeIgniter\Debug\Exceptions->errorHandler(2, 'Undefined variable $items', 'APPPATH\\Views\\user\\product\\cart.php', 80)
 2 SYSTEMPATH\View\View.php(213): include('APPPATH\\Views\\user\\product\\cart.php')
 3 SYSTEMPATH\View\View.php(216): CodeIgniter\View\View->CodeIgniter\View\{closure}()
 4 SYSTEMPATH\Common.php(1135): CodeIgniter\View\View->render('user/product/cart', [], true)
 5 APPPATH\Controllers\Cart.php(22): view('user/product/cart')
 6 SYSTEMPATH\CodeIgniter.php(896): App\Controllers\Cart->cart()
 7 SYSTEMPATH\CodeIgniter.php(466): CodeIgniter\CodeIgniter->runController(Object(App\Controllers\Cart))
 8 SYSTEMPATH\CodeIgniter.php(349): CodeIgniter\CodeIgniter->handleRequest(null, Object(Config\Cache), false)
 9 FCPATH\index.php(55): CodeIgniter\CodeIgniter->run()
CRITICAL - 2022-07-26 04:10:49 --> foreach() argument must be of type array|object, null given
in APPPATH\Views\user\product\cart.php on line 81.
 1 APPPATH\Views\user\product\cart.php(81): CodeIgniter\Debug\Exceptions->errorHandler(2, 'foreach() argument must be of type array|object, null given', 'APPPATH\\Views\\user\\product\\cart.php', 81)
 2 SYSTEMPATH\View\View.php(213): include('APPPATH\\Views\\user\\product\\cart.php')
 3 SYSTEMPATH\View\View.php(216): CodeIgniter\View\View->CodeIgniter\View\{closure}()
 4 SYSTEMPATH\Common.php(1135): CodeIgniter\View\View->render('user/product/cart', [], true)
 5 APPPATH\Controllers\Cart.php(22): view('user/product/cart')
 6 SYSTEMPATH\CodeIgniter.php(896): App\Controllers\Cart->cart()
 7 SYSTEMPATH\CodeIgniter.php(466): CodeIgniter\CodeIgniter->runController(Object(App\Controllers\Cart))
 8 SYSTEMPATH\CodeIgniter.php(349): CodeIgniter\CodeIgniter->handleRequest(null, Object(Config\Cache), false)
 9 FCPATH\index.php(55): CodeIgniter\CodeIgniter->run()
CRITICAL - 2022-07-26 04:11:40 --> Undefined variable $items
in APPPATH\Views\user\product\cart.php on line 81.
 1 APPPATH\Views\user\product\cart.php(81): CodeIgniter\Debug\Exceptions->errorHandler(2, 'Undefined variable $items', 'APPPATH\\Views\\user\\product\\cart.php', 81)
 2 SYSTEMPATH\View\View.php(213): include('APPPATH\\Views\\user\\product\\cart.php')
 3 SYSTEMPATH\View\View.php(216): CodeIgniter\View\View->CodeIgniter\View\{closure}()
 4 SYSTEMPATH\Common.php(1135): CodeIgniter\View\View->render('user/product/cart', [], true)
 5 APPPATH\Controllers\Cart.php(22): view('user/product/cart')
 6 SYSTEMPATH\CodeIgniter.php(896): App\Controllers\Cart->cart()
 7 SYSTEMPATH\CodeIgniter.php(466): CodeIgniter\CodeIgniter->runController(Object(App\Controllers\Cart))
 8 SYSTEMPATH\CodeIgniter.php(349): CodeIgniter\CodeIgniter->handleRequest(null, Object(Config\Cache), false)
 9 FCPATH\index.php(55): CodeIgniter\CodeIgniter->run()
CRITICAL - 2022-07-26 04:11:41 --> Undefined variable $items
in APPPATH\Views\user\product\cart.php on line 81.
 1 APPPATH\Views\user\product\cart.php(81): CodeIgniter\Debug\Exceptions->errorHandler(2, 'Undefined variable $items', 'APPPATH\\Views\\user\\product\\cart.php', 81)
 2 SYSTEMPATH\View\View.php(213): include('APPPATH\\Views\\user\\product\\cart.php')
 3 SYSTEMPATH\View\View.php(216): CodeIgniter\View\View->CodeIgniter\View\{closure}()
 4 SYSTEMPATH\Common.php(1135): CodeIgniter\View\View->render('user/product/cart', [], true)
 5 APPPATH\Controllers\Cart.php(22): view('user/product/cart')
 6 SYSTEMPATH\CodeIgniter.php(896): App\Controllers\Cart->cart()
 7 SYSTEMPATH\CodeIgniter.php(466): CodeIgniter\CodeIgniter->runController(Object(App\Controllers\Cart))
 8 SYSTEMPATH\CodeIgniter.php(349): CodeIgniter\CodeIgniter->handleRequest(null, Object(Config\Cache), false)
 9 FCPATH\index.php(55): CodeIgniter\CodeIgniter->run()
CRITICAL - 2022-07-26 04:11:42 --> Undefined variable $items
in APPPATH\Views\user\product\cart.php on line 81.
 1 APPPATH\Views\user\product\cart.php(81): CodeIgniter\Debug\Exceptions->errorHandler(2, 'Undefined variable $items', 'APPPATH\\Views\\user\\product\\cart.php', 81)
 2 SYSTEMPATH\View\View.php(213): include('APPPATH\\Views\\user\\product\\cart.php')
 3 SYSTEMPATH\View\View.php(216): CodeIgniter\View\View->CodeIgniter\View\{closure}()
 4 SYSTEMPATH\Common.php(1135): CodeIgniter\View\View->render('user/product/cart', [], true)
 5 APPPATH\Controllers\Cart.php(22): view('user/product/cart')
 6 SYSTEMPATH\CodeIgniter.php(896): App\Controllers\Cart->cart()
 7 SYSTEMPATH\CodeIgniter.php(466): CodeIgniter\CodeIgniter->runController(Object(App\Controllers\Cart))
 8 SYSTEMPATH\CodeIgniter.php(349): CodeIgniter\CodeIgniter->handleRequest(null, Object(Config\Cache), false)
 9 FCPATH\index.php(55): CodeIgniter\CodeIgniter->run()
CRITICAL - 2022-07-26 04:11:43 --> Undefined variable $items
in APPPATH\Views\user\product\cart.php on line 81.
 1 APPPATH\Views\user\product\cart.php(81): CodeIgniter\Debug\Exceptions->errorHandler(2, 'Undefined variable $items', 'APPPATH\\Views\\user\\product\\cart.php', 81)
 2 SYSTEMPATH\View\View.php(213): include('APPPATH\\Views\\user\\product\\cart.php')
 3 SYSTEMPATH\View\View.php(216): CodeIgniter\View\View->CodeIgniter\View\{closure}()
 4 SYSTEMPATH\Common.php(1135): CodeIgniter\View\View->render('user/product/cart', [], true)
 5 APPPATH\Controllers\Cart.php(22): view('user/product/cart')
 6 SYSTEMPATH\CodeIgniter.php(896): App\Controllers\Cart->cart()
 7 SYSTEMPATH\CodeIgniter.php(466): CodeIgniter\CodeIgniter->runController(Object(App\Controllers\Cart))
 8 SYSTEMPATH\CodeIgniter.php(349): CodeIgniter\CodeIgniter->handleRequest(null, Object(Config\Cache), false)
 9 FCPATH\index.php(55): CodeIgniter\CodeIgniter->run()
CRITICAL - 2022-07-26 04:11:43 --> Undefined variable $items
in APPPATH\Views\user\product\cart.php on line 81.
 1 APPPATH\Views\user\product\cart.php(81): CodeIgniter\Debug\Exceptions->errorHandler(2, 'Undefined variable $items', 'APPPATH\\Views\\user\\product\\cart.php', 81)
 2 SYSTEMPATH\View\View.php(213): include('APPPATH\\Views\\user\\product\\cart.php')
 3 SYSTEMPATH\View\View.php(216): CodeIgniter\View\View->CodeIgniter\View\{closure}()
 4 SYSTEMPATH\Common.php(1135): CodeIgniter\View\View->render('user/product/cart', [], true)
 5 APPPATH\Controllers\Cart.php(22): view('user/product/cart')
 6 SYSTEMPATH\CodeIgniter.php(896): App\Controllers\Cart->cart()
 7 SYSTEMPATH\CodeIgniter.php(466): CodeIgniter\CodeIgniter->runController(Object(App\Controllers\Cart))
 8 SYSTEMPATH\CodeIgniter.php(349): CodeIgniter\CodeIgniter->handleRequest(null, Object(Config\Cache), false)
 9 FCPATH\index.php(55): CodeIgniter\CodeIgniter->run()
CRITICAL - 2022-07-26 04:22:37 --> Call to undefined function public/uploads/()
in APPPATH\Views\user\product\cart.php on line 87.
 1 SYSTEMPATH\View\View.php(213): include()
 2 SYSTEMPATH\View\View.php(216): CodeIgniter\View\View->CodeIgniter\View\{closure}()
 3 SYSTEMPATH\Common.php(1135): CodeIgniter\View\View->render('user/product/cart', [], true)
 4 APPPATH\Controllers\Cart.php(79): view('user/product/cart', [...])
 5 SYSTEMPATH\CodeIgniter.php(896): App\Controllers\Cart->buy('16')
 6 SYSTEMPATH\CodeIgniter.php(466): CodeIgniter\CodeIgniter->runController(Object(App\Controllers\Cart))
 7 SYSTEMPATH\CodeIgniter.php(349): CodeIgniter\CodeIgniter->handleRequest(null, Object(Config\Cache), false)
 8 FCPATH\index.php(55): CodeIgniter\CodeIgniter->run()
CRITICAL - 2022-07-26 04:22:56 --> Call to undefined function public/uploads/()
in APPPATH\Views\user\product\cart.php on line 87.
 1 SYSTEMPATH\View\View.php(213): include()
 2 SYSTEMPATH\View\View.php(216): CodeIgniter\View\View->CodeIgniter\View\{closure}()
 3 SYSTEMPATH\Common.php(1135): CodeIgniter\View\View->render('user/product/cart', [], true)
 4 APPPATH\Controllers\Cart.php(79): view('user/product/cart', [...])
 5 SYSTEMPATH\CodeIgniter.php(896): App\Controllers\Cart->buy('16')
 6 SYSTEMPATH\CodeIgniter.php(466): CodeIgniter\CodeIgniter->runController(Object(App\Controllers\Cart))
 7 SYSTEMPATH\CodeIgniter.php(349): CodeIgniter\CodeIgniter->handleRequest(null, Object(Config\Cache), false)
 8 FCPATH\index.php(55): CodeIgniter\CodeIgniter->run()
CRITICAL - 2022-07-26 04:35:34 --> Undefined variable $items
in APPPATH\Views\user\product\cart.php on line 81.
 1 APPPATH\Views\user\product\cart.php(81): CodeIgniter\Debug\Exceptions->errorHandler(2, 'Undefined variable $items', 'APPPATH\\Views\\user\\product\\cart.php', 81)
 2 SYSTEMPATH\View\View.php(213): include('APPPATH\\Views\\user\\product\\cart.php')
 3 SYSTEMPATH\View\View.php(216): CodeIgniter\View\View->CodeIgniter\View\{closure}()
 4 SYSTEMPATH\Common.php(1135): CodeIgniter\View\View->render('user/product/cart', [], true)
 5 APPPATH\Controllers\Cart.php(22): view('user/product/cart')
 6 SYSTEMPATH\CodeIgniter.php(896): App\Controllers\Cart->cart()
 7 SYSTEMPATH\CodeIgniter.php(466): CodeIgniter\CodeIgniter->runController(Object(App\Controllers\Cart))
 8 SYSTEMPATH\CodeIgniter.php(349): CodeIgniter\CodeIgniter->handleRequest(null, Object(Config\Cache), false)
 9 FCPATH\index.php(55): CodeIgniter\CodeIgniter->run()
CRITICAL - 2022-07-26 15:16:09 --> Attempt to read property "id" on array
in APPPATH\Views\user\product\cart.php on line 85.
 1 APPPATH\Views\user\product\cart.php(85): CodeIgniter\Debug\Exceptions->errorHandler(2, 'Attempt to read property "id" on array', 'APPPATH\\Views\\user\\product\\cart.php', 85)
 2 SYSTEMPATH\View\View.php(213): include('APPPATH\\Views\\user\\product\\cart.php')
 3 SYSTEMPATH\View\View.php(216): CodeIgniter\View\View->CodeIgniter\View\{closure}()
 4 SYSTEMPATH\Common.php(1135): CodeIgniter\View\View->render('user/product/cart', [], true)
 5 APPPATH\Controllers\Cart.php(25): view('user/product/cart', [...])
 6 SYSTEMPATH\CodeIgniter.php(896): App\Controllers\Cart->cart()
 7 SYSTEMPATH\CodeIgniter.php(466): CodeIgniter\CodeIgniter->runController(Object(App\Controllers\Cart))
 8 SYSTEMPATH\CodeIgniter.php(349): CodeIgniter\CodeIgniter->handleRequest(null, Object(Config\Cache), false)
 9 FCPATH\index.php(55): CodeIgniter\CodeIgniter->run()
CRITICAL - 2022-07-26 17:10:07 --> There is no data to update.
in SYSTEMPATH\BaseModel.php on line 846.
 1 SYSTEMPATH\BaseModel.php(846): CodeIgniter\Database\Exceptions\DataException::forEmptyDataset('update')
 2 SYSTEMPATH\Model.php(692): CodeIgniter\BaseModel->update([...], [])
 3 SYSTEMPATH\BaseModel.php(656): CodeIgniter\Model->update([...], [...])
 4 APPPATH\Controllers\Cart.php(107): CodeIgniter\BaseModel->save([...])
 5 SYSTEMPATH\CodeIgniter.php(896): App\Controllers\Cart->productUpdate()
 6 SYSTEMPATH\CodeIgniter.php(466): CodeIgniter\CodeIgniter->runController(Object(App\Controllers\Cart))
 7 SYSTEMPATH\CodeIgniter.php(349): CodeIgniter\CodeIgniter->handleRequest(null, Object(Config\Cache), false)
 8 FCPATH\index.php(55): CodeIgniter\CodeIgniter->run()
CRITICAL - 2022-07-26 17:10:56 --> There is no data to insert.
in SYSTEMPATH\BaseModel.php on line 718.
 1 SYSTEMPATH\BaseModel.php(718): CodeIgniter\Database\Exceptions\DataException::forEmptyDataset('insert')
 2 SYSTEMPATH\Model.php(666): CodeIgniter\BaseModel->insert([], false)
 3 SYSTEMPATH\BaseModel.php(658): CodeIgniter\Model->insert([...], false)
 4 APPPATH\Controllers\Cart.php(107): CodeIgniter\BaseModel->save([...])
 5 SYSTEMPATH\CodeIgniter.php(896): App\Controllers\Cart->productUpdate()
 6 SYSTEMPATH\CodeIgniter.php(466): CodeIgniter\CodeIgniter->runController(Object(App\Controllers\Cart))
 7 SYSTEMPATH\CodeIgniter.php(349): CodeIgniter\CodeIgniter->handleRequest(null, Object(Config\Cache), false)
 8 FCPATH\index.php(55): CodeIgniter\CodeIgniter->run()
ERROR - 2022-07-26 17:11:55 --> Column 'product_quantity' cannot be null
CRITICAL - 2022-07-26 17:11:55 --> Column 'product_quantity' cannot be null
in SYSTEMPATH\Database\MySQLi\Connection.php on line 292.
 1 SYSTEMPATH\Database\MySQLi\Connection.php(292): mysqli->query('INSERT INTO `orders` (`product_quantity`) VALUES (NULL)', 0)
 2 SYSTEMPATH\Database\BaseConnection.php(695): CodeIgniter\Database\MySQLi\Connection->execute('INSERT INTO `orders` (`product_quantity`) VALUES (NULL)')
 3 SYSTEMPATH\Database\BaseConnection.php(609): CodeIgniter\Database\BaseConnection->simpleQuery('INSERT INTO `orders` (`product_quantity`) VALUES (NULL)')
 4 SYSTEMPATH\Database\BaseBuilder.php(1904): CodeIgniter\Database\BaseConnection->query('INSERT INTO `orders` (`product_quantity`) VALUES (:product_quantity:)', [...], false)
 5 SYSTEMPATH\Model.php(278): CodeIgniter\Database\BaseBuilder->insert()
 6 SYSTEMPATH\BaseModel.php(738): CodeIgniter\Model->doInsert([...])
 7 SYSTEMPATH\Model.php(666): CodeIgniter\BaseModel->insert([...], false)
 8 SYSTEMPATH\BaseModel.php(658): CodeIgniter\Model->insert([...], false)
 9 APPPATH\Controllers\Cart.php(107): CodeIgniter\BaseModel->save([...])
10 SYSTEMPATH\CodeIgniter.php(896): App\Controllers\Cart->productUpdate()
11 SYSTEMPATH\CodeIgniter.php(466): CodeIgniter\CodeIgniter->runController(Object(App\Controllers\Cart))
12 SYSTEMPATH\CodeIgniter.php(349): CodeIgniter\CodeIgniter->handleRequest(null, Object(Config\Cache), false)
13 FCPATH\index.php(55): CodeIgniter\CodeIgniter->run()
ERROR - 2022-07-26 17:13:13 --> Column 'product_quantity' cannot be null
CRITICAL - 2022-07-26 17:13:13 --> Column 'product_quantity' cannot be null
in SYSTEMPATH\Database\MySQLi\Connection.php on line 292.
 1 SYSTEMPATH\Database\MySQLi\Connection.php(292): mysqli->query('INSERT INTO `orders` (`product_quantity`) VALUES (NULL)', 0)
 2 SYSTEMPATH\Database\BaseConnection.php(695): CodeIgniter\Database\MySQLi\Connection->execute('INSERT INTO `orders` (`product_quantity`) VALUES (NULL)')
 3 SYSTEMPATH\Database\BaseConnection.php(609): CodeIgniter\Database\BaseConnection->simpleQuery('INSERT INTO `orders` (`product_quantity`) VALUES (NULL)')
 4 SYSTEMPATH\Database\BaseBuilder.php(1904): CodeIgniter\Database\BaseConnection->query('INSERT INTO `orders` (`product_quantity`) VALUES (:product_quantity:)', [...], false)
 5 SYSTEMPATH\Model.php(278): CodeIgniter\Database\BaseBuilder->insert()
 6 SYSTEMPATH\BaseModel.php(738): CodeIgniter\Model->doInsert([...])
 7 SYSTEMPATH\Model.php(666): CodeIgniter\BaseModel->insert([...], false)
 8 SYSTEMPATH\BaseModel.php(658): CodeIgniter\Model->insert([...], false)
 9 APPPATH\Controllers\Cart.php(107): CodeIgniter\BaseModel->save([...])
10 SYSTEMPATH\CodeIgniter.php(896): App\Controllers\Cart->productUpdate()
11 SYSTEMPATH\CodeIgniter.php(466): CodeIgniter\CodeIgniter->runController(Object(App\Controllers\Cart))
12 SYSTEMPATH\CodeIgniter.php(349): CodeIgniter\CodeIgniter->handleRequest(null, Object(Config\Cache), false)
13 FCPATH\index.php(55): CodeIgniter\CodeIgniter->run()
CRITICAL - 2022-07-26 17:14:17 --> Trying to access array offset on value of type null
in APPPATH\Controllers\Cart.php on line 104.
 1 APPPATH\Controllers\Cart.php(104): CodeIgniter\Debug\Exceptions->errorHandler(2, 'Trying to access array offset on value of type null', 'APPPATH\\Controllers\\Cart.php', 104)
 2 SYSTEMPATH\CodeIgniter.php(896): App\Controllers\Cart->productUpdate()
 3 SYSTEMPATH\CodeIgniter.php(466): CodeIgniter\CodeIgniter->runController(Object(App\Controllers\Cart))
 4 SYSTEMPATH\CodeIgniter.php(349): CodeIgniter\CodeIgniter->handleRequest(null, Object(Config\Cache), false)
 5 FCPATH\index.php(55): CodeIgniter\CodeIgniter->run()
CRITICAL - 2022-07-26 17:23:40 --> Undefined property: App\Controllers\Cart::$input
in APPPATH\Controllers\Cart.php on line 103.
 1 APPPATH\Controllers\Cart.php(103): CodeIgniter\Debug\Exceptions->errorHandler(2, 'Undefined property: App\\Controllers\\Cart::$input', 'APPPATH\\Controllers\\Cart.php', 103)
 2 SYSTEMPATH\CodeIgniter.php(896): App\Controllers\Cart->productUpdate()
 3 SYSTEMPATH\CodeIgniter.php(466): CodeIgniter\CodeIgniter->runController(Object(App\Controllers\Cart))
 4 SYSTEMPATH\CodeIgniter.php(349): CodeIgniter\CodeIgniter->handleRequest(null, Object(Config\Cache), false)
 5 FCPATH\index.php(55): CodeIgniter\CodeIgniter->run()
