CRITICAL - 2022-07-14 00:00:00 --> Undefined global variable $_SESSION
in APPPATH\Views\user\home\index.php on line 22.
 1 APPPATH\Views\user\home\index.php(22): CodeIgniter\Debug\Exceptions->errorHandler(2, 'Undefined global variable $_SESSION', 'APPPATH\\Views\\user\\home\\index.php', 22)
 2 SYSTEMPATH\View\View.php(213): include('APPPATH\\Views\\user\\home\\index.php')
 3 SYSTEMPATH\View\View.php(216): CodeIgniter\View\View->CodeIgniter\View\{closure}()
 4 SYSTEMPATH\Common.php(1135): CodeIgniter\View\View->render('user/home/index', [], true)
 5 APPPATH\Controllers\Home.php(13): view('user/home/index', [...])
 6 SYSTEMPATH\CodeIgniter.php(896): App\Controllers\Home->index()
 7 SYSTEMPATH\CodeIgniter.php(466): CodeIgniter\CodeIgniter->runController(Object(App\Controllers\Home))
 8 SYSTEMPATH\CodeIgniter.php(349): CodeIgniter\CodeIgniter->handleRequest(null, Object(Config\Cache), false)
 9 FCPATH\index.php(55): CodeIgniter\CodeIgniter->run()
CRITICAL - 2022-07-14 00:00:17 --> Undefined global variable $_SESSION
in APPPATH\Views\user\home\index.php on line 22.
 1 APPPATH\Views\user\home\index.php(22): CodeIgniter\Debug\Exceptions->errorHandler(2, 'Undefined global variable $_SESSION', 'APPPATH\\Views\\user\\home\\index.php', 22)
 2 SYSTEMPATH\View\View.php(213): include('APPPATH\\Views\\user\\home\\index.php')
 3 SYSTEMPATH\View\View.php(216): CodeIgniter\View\View->CodeIgniter\View\{closure}()
 4 SYSTEMPATH\Common.php(1135): CodeIgniter\View\View->render('user/home/index', [], true)
 5 APPPATH\Controllers\Home.php(13): view('user/home/index', [...])
 6 SYSTEMPATH\CodeIgniter.php(896): App\Controllers\Home->index()
 7 SYSTEMPATH\CodeIgniter.php(466): CodeIgniter\CodeIgniter->runController(Object(App\Controllers\Home))
 8 SYSTEMPATH\CodeIgniter.php(349): CodeIgniter\CodeIgniter->handleRequest(null, Object(Config\Cache), false)
 9 FCPATH\index.php(55): CodeIgniter\CodeIgniter->run()
CRITICAL - 2022-07-14 00:00:25 --> Cannot declare class check, because the name is already in use
in APPPATH\Views\user\home\index.php on line 8.
 1 [internal function]: CodeIgniter\Debug\Exceptions->shutdownHandler()
CRITICAL - 2022-07-14 00:04:53 --> Undefined global variable $_SESSION
in APPPATH\Views\user\home\index.php on line 15.
 1 APPPATH\Views\user\home\index.php(15): CodeIgniter\Debug\Exceptions->errorHandler(2, 'Undefined global variable $_SESSION', 'APPPATH\\Views\\user\\home\\index.php', 15)
 2 APPPATH\Views\user\home\index.php(21): check->check_login()
 3 SYSTEMPATH\View\View.php(213): include('APPPATH\\Views\\user\\home\\index.php')
 4 SYSTEMPATH\View\View.php(216): CodeIgniter\View\View->CodeIgniter\View\{closure}()
 5 SYSTEMPATH\Common.php(1135): CodeIgniter\View\View->render('user/home/index', [], true)
 6 APPPATH\Controllers\Home.php(13): view('user/home/index', [...])
 7 SYSTEMPATH\CodeIgniter.php(896): App\Controllers\Home->index()
 8 SYSTEMPATH\CodeIgniter.php(466): CodeIgniter\CodeIgniter->runController(Object(App\Controllers\Home))
 9 SYSTEMPATH\CodeIgniter.php(349): CodeIgniter\CodeIgniter->handleRequest(null, Object(Config\Cache), false)
10 FCPATH\index.php(55): CodeIgniter\CodeIgniter->run()
CRITICAL - 2022-07-14 00:17:59 --> Call to undefined function set_value()
in APPPATH\Views\admin\inventory\category.php on line 78.
 1 SYSTEMPATH\View\View.php(213): include()
 2 SYSTEMPATH\View\View.php(216): CodeIgniter\View\View->CodeIgniter\View\{closure}()
 3 SYSTEMPATH\Common.php(1135): CodeIgniter\View\View->render('admin/inventory/category', [], true)
 4 APPPATH\Controllers\AdminProduct.php(9): view('admin/inventory/category')
 5 SYSTEMPATH\CodeIgniter.php(896): App\Controllers\AdminProduct->category()
 6 SYSTEMPATH\CodeIgniter.php(466): CodeIgniter\CodeIgniter->runController(Object(App\Controllers\AdminProduct))
 7 SYSTEMPATH\CodeIgniter.php(349): CodeIgniter\CodeIgniter->handleRequest(null, Object(Config\Cache), false)
 8 FCPATH\index.php(55): CodeIgniter\CodeIgniter->run()
