CRITICAL - 2022-07-31 03:23:50 --> Invalid file: user/product/single_product.php
in SYSTEMPATH\Exceptions\FrameworkException.php on line 33.
 1 SYSTEMPATH\View\View.php(201): CodeIgniter\Exceptions\FrameworkException::forInvalidFile('user/product/single_product.php')
 2 SYSTEMPATH\Common.php(1135): CodeIgniter\View\View->render('user/product/single_product', [], true)
 3 APPPATH\Controllers\Product.php(9): view('user/product/single_product')
 4 SYSTEMPATH\CodeIgniter.php(896): App\Controllers\Product->single_product()
 5 SYSTEMPATH\CodeIgniter.php(466): CodeIgniter\CodeIgniter->runController(Object(App\Controllers\Product))
 6 SYSTEMPATH\CodeIgniter.php(349): CodeIgniter\CodeIgniter->handleRequest(null, Object(Config\Cache), false)
 7 FCPATH\index.php(55): CodeIgniter\CodeIgniter->run()
CRITICAL - 2022-07-31 03:59:44 --> Call to undefined method App\Controllers\Product::find()
in APPPATH\Controllers\Product.php on line 11.
 1 SYSTEMPATH\CodeIgniter.php(896): App\Controllers\Product->single_product('16')
 2 SYSTEMPATH\CodeIgniter.php(466): CodeIgniter\CodeIgniter->runController(Object(App\Controllers\Product))
 3 SYSTEMPATH\CodeIgniter.php(349): CodeIgniter\CodeIgniter->handleRequest(null, Object(Config\Cache), false)
 4 FCPATH\index.php(55): CodeIgniter\CodeIgniter->run()
CRITICAL - 2022-07-31 04:39:19 --> Undefined variable $items
in APPPATH\Views\user\category\category.php on line 170.
 1 APPPATH\Views\user\category\category.php(170): CodeIgniter\Debug\Exceptions->errorHandler(2, 'Undefined variable $items', 'APPPATH\\Views\\user\\category\\category.php', 170)
 2 SYSTEMPATH\View\View.php(213): include('APPPATH\\Views\\user\\category\\category.php')
 3 SYSTEMPATH\View\View.php(216): CodeIgniter\View\View->CodeIgniter\View\{closure}()
 4 SYSTEMPATH\Common.php(1135): CodeIgniter\View\View->render('user/category/category', [], true)
 5 APPPATH\Controllers\Category.php(16): view('user/category/category', [...])
 6 SYSTEMPATH\CodeIgniter.php(896): App\Controllers\Category->category()
 7 SYSTEMPATH\CodeIgniter.php(466): CodeIgniter\CodeIgniter->runController(Object(App\Controllers\Category))
 8 SYSTEMPATH\CodeIgniter.php(349): CodeIgniter\CodeIgniter->handleRequest(null, Object(Config\Cache), false)
 9 FCPATH\index.php(55): CodeIgniter\CodeIgniter->run()
CRITICAL - 2022-07-31 05:06:23 --> Undefined variable $items
in APPPATH\Views\user\profile\profile.php on line 130.
 1 APPPATH\Views\user\profile\profile.php(130): CodeIgniter\Debug\Exceptions->errorHandler(2, 'Undefined variable $items', 'APPPATH\\Views\\user\\profile\\profile.php', 130)
 2 SYSTEMPATH\View\View.php(213): include('APPPATH\\Views\\user\\profile\\profile.php')
 3 SYSTEMPATH\View\View.php(216): CodeIgniter\View\View->CodeIgniter\View\{closure}()
 4 SYSTEMPATH\Common.php(1135): CodeIgniter\View\View->render('user/profile/profile', [], true)
 5 APPPATH\Controllers\Profile.php(29): view('user/profile/profile', [...])
 6 SYSTEMPATH\CodeIgniter.php(896): App\Controllers\Profile->profile()
 7 SYSTEMPATH\CodeIgniter.php(466): CodeIgniter\CodeIgniter->runController(Object(App\Controllers\Profile))
 8 SYSTEMPATH\CodeIgniter.php(349): CodeIgniter\CodeIgniter->handleRequest(null, Object(Config\Cache), false)
 9 FCPATH\index.php(55): CodeIgniter\CodeIgniter->run()
CRITICAL - 2022-07-31 05:06:55 --> Undefined array key "customer_name"
in APPPATH\Views\user\profile\profile.php on line 130.
 1 APPPATH\Views\user\profile\profile.php(130): CodeIgniter\Debug\Exceptions->errorHandler(2, 'Undefined array key "customer_name"', 'APPPATH\\Views\\user\\profile\\profile.php', 130)
 2 SYSTEMPATH\View\View.php(213): include('APPPATH\\Views\\user\\profile\\profile.php')
 3 SYSTEMPATH\View\View.php(216): CodeIgniter\View\View->CodeIgniter\View\{closure}()
 4 SYSTEMPATH\Common.php(1135): CodeIgniter\View\View->render('user/profile/profile', [], true)
 5 APPPATH\Controllers\Profile.php(29): view('user/profile/profile', [...])
 6 SYSTEMPATH\CodeIgniter.php(896): App\Controllers\Profile->profile()
 7 SYSTEMPATH\CodeIgniter.php(466): CodeIgniter\CodeIgniter->runController(Object(App\Controllers\Profile))
 8 SYSTEMPATH\CodeIgniter.php(349): CodeIgniter\CodeIgniter->handleRequest(null, Object(Config\Cache), false)
 9 FCPATH\index.php(55): CodeIgniter\CodeIgniter->run()
CRITICAL - 2022-07-31 05:07:49 --> Undefined array key "customer_name"
in APPPATH\Views\user\profile\profile.php on line 130.
 1 APPPATH\Views\user\profile\profile.php(130): CodeIgniter\Debug\Exceptions->errorHandler(2, 'Undefined array key "customer_name"', 'APPPATH\\Views\\user\\profile\\profile.php', 130)
 2 SYSTEMPATH\View\View.php(213): include('APPPATH\\Views\\user\\profile\\profile.php')
 3 SYSTEMPATH\View\View.php(216): CodeIgniter\View\View->CodeIgniter\View\{closure}()
 4 SYSTEMPATH\Common.php(1135): CodeIgniter\View\View->render('user/profile/profile', [], true)
 5 APPPATH\Controllers\Profile.php(29): view('user/profile/profile', [...])
 6 SYSTEMPATH\CodeIgniter.php(896): App\Controllers\Profile->profile()
 7 SYSTEMPATH\CodeIgniter.php(466): CodeIgniter\CodeIgniter->runController(Object(App\Controllers\Profile))
 8 SYSTEMPATH\CodeIgniter.php(349): CodeIgniter\CodeIgniter->handleRequest(null, Object(Config\Cache), false)
 9 FCPATH\index.php(55): CodeIgniter\CodeIgniter->run()
CRITICAL - 2022-07-31 05:07:50 --> Undefined array key "customer_name"
in APPPATH\Views\user\profile\profile.php on line 130.
 1 APPPATH\Views\user\profile\profile.php(130): CodeIgniter\Debug\Exceptions->errorHandler(2, 'Undefined array key "customer_name"', 'APPPATH\\Views\\user\\profile\\profile.php', 130)
 2 SYSTEMPATH\View\View.php(213): include('APPPATH\\Views\\user\\profile\\profile.php')
 3 SYSTEMPATH\View\View.php(216): CodeIgniter\View\View->CodeIgniter\View\{closure}()
 4 SYSTEMPATH\Common.php(1135): CodeIgniter\View\View->render('user/profile/profile', [], true)
 5 APPPATH\Controllers\Profile.php(29): view('user/profile/profile', [...])
 6 SYSTEMPATH\CodeIgniter.php(896): App\Controllers\Profile->profile()
 7 SYSTEMPATH\CodeIgniter.php(466): CodeIgniter\CodeIgniter->runController(Object(App\Controllers\Profile))
 8 SYSTEMPATH\CodeIgniter.php(349): CodeIgniter\CodeIgniter->handleRequest(null, Object(Config\Cache), false)
 9 FCPATH\index.php(55): CodeIgniter\CodeIgniter->run()
CRITICAL - 2022-07-31 05:07:50 --> Undefined array key "customer_name"
in APPPATH\Views\user\profile\profile.php on line 130.
 1 APPPATH\Views\user\profile\profile.php(130): CodeIgniter\Debug\Exceptions->errorHandler(2, 'Undefined array key "customer_name"', 'APPPATH\\Views\\user\\profile\\profile.php', 130)
 2 SYSTEMPATH\View\View.php(213): include('APPPATH\\Views\\user\\profile\\profile.php')
 3 SYSTEMPATH\View\View.php(216): CodeIgniter\View\View->CodeIgniter\View\{closure}()
 4 SYSTEMPATH\Common.php(1135): CodeIgniter\View\View->render('user/profile/profile', [], true)
 5 APPPATH\Controllers\Profile.php(29): view('user/profile/profile', [...])
 6 SYSTEMPATH\CodeIgniter.php(896): App\Controllers\Profile->profile()
 7 SYSTEMPATH\CodeIgniter.php(466): CodeIgniter\CodeIgniter->runController(Object(App\Controllers\Profile))
 8 SYSTEMPATH\CodeIgniter.php(349): CodeIgniter\CodeIgniter->handleRequest(null, Object(Config\Cache), false)
 9 FCPATH\index.php(55): CodeIgniter\CodeIgniter->run()
CRITICAL - 2022-07-31 05:08:40 --> Undefined array key "customer_name"
in APPPATH\Views\user\profile\profile.php on line 130.
 1 APPPATH\Views\user\profile\profile.php(130): CodeIgniter\Debug\Exceptions->errorHandler(2, 'Undefined array key "customer_name"', 'APPPATH\\Views\\user\\profile\\profile.php', 130)
 2 SYSTEMPATH\View\View.php(213): include('APPPATH\\Views\\user\\profile\\profile.php')
 3 SYSTEMPATH\View\View.php(216): CodeIgniter\View\View->CodeIgniter\View\{closure}()
 4 SYSTEMPATH\Common.php(1135): CodeIgniter\View\View->render('user/profile/profile', [], true)
 5 APPPATH\Controllers\Profile.php(29): view('user/profile/profile', [...])
 6 SYSTEMPATH\CodeIgniter.php(896): App\Controllers\Profile->profile()
 7 SYSTEMPATH\CodeIgniter.php(466): CodeIgniter\CodeIgniter->runController(Object(App\Controllers\Profile))
 8 SYSTEMPATH\CodeIgniter.php(349): CodeIgniter\CodeIgniter->handleRequest(null, Object(Config\Cache), false)
 9 FCPATH\index.php(55): CodeIgniter\CodeIgniter->run()
CRITICAL - 2022-07-31 05:09:22 --> Undefined array key 0
in APPPATH\Views\user\profile\profile.php on line 130.
 1 APPPATH\Views\user\profile\profile.php(130): CodeIgniter\Debug\Exceptions->errorHandler(2, 'Undefined array key 0', 'APPPATH\\Views\\user\\profile\\profile.php', 130)
 2 SYSTEMPATH\View\View.php(213): include('APPPATH\\Views\\user\\profile\\profile.php')
 3 SYSTEMPATH\View\View.php(216): CodeIgniter\View\View->CodeIgniter\View\{closure}()
 4 SYSTEMPATH\Common.php(1135): CodeIgniter\View\View->render('user/profile/profile', [], true)
 5 APPPATH\Controllers\Profile.php(29): view('user/profile/profile', [...])
 6 SYSTEMPATH\CodeIgniter.php(896): App\Controllers\Profile->profile()
 7 SYSTEMPATH\CodeIgniter.php(466): CodeIgniter\CodeIgniter->runController(Object(App\Controllers\Profile))
 8 SYSTEMPATH\CodeIgniter.php(349): CodeIgniter\CodeIgniter->handleRequest(null, Object(Config\Cache), false)
 9 FCPATH\index.php(55): CodeIgniter\CodeIgniter->run()
CRITICAL - 2022-07-31 05:13:06 --> Undefined variable $pager
in APPPATH\Views\user\profile\profile.php on line 258.
 1 APPPATH\Views\user\profile\profile.php(258): CodeIgniter\Debug\Exceptions->errorHandler(2, 'Undefined variable $pager', 'APPPATH\\Views\\user\\profile\\profile.php', 258)
 2 SYSTEMPATH\View\View.php(213): include('APPPATH\\Views\\user\\profile\\profile.php')
 3 SYSTEMPATH\View\View.php(216): CodeIgniter\View\View->CodeIgniter\View\{closure}()
 4 SYSTEMPATH\Common.php(1135): CodeIgniter\View\View->render('user/profile/profile', [], true)
 5 APPPATH\Controllers\Profile.php(29): view('user/profile/profile', [...])
 6 SYSTEMPATH\CodeIgniter.php(896): App\Controllers\Profile->profile()
 7 SYSTEMPATH\CodeIgniter.php(466): CodeIgniter\CodeIgniter->runController(Object(App\Controllers\Profile))
 8 SYSTEMPATH\CodeIgniter.php(349): CodeIgniter\CodeIgniter->handleRequest(null, Object(Config\Cache), false)
 9 FCPATH\index.php(55): CodeIgniter\CodeIgniter->run()
CRITICAL - 2022-07-31 05:13:55 --> Undefined variable $items
in APPPATH\Views\user\profile\profile.php on line 130.
 1 APPPATH\Views\user\profile\profile.php(130): CodeIgniter\Debug\Exceptions->errorHandler(2, 'Undefined variable $items', 'APPPATH\\Views\\user\\profile\\profile.php', 130)
 2 SYSTEMPATH\View\View.php(213): include('APPPATH\\Views\\user\\profile\\profile.php')
 3 SYSTEMPATH\View\View.php(216): CodeIgniter\View\View->CodeIgniter\View\{closure}()
 4 SYSTEMPATH\Common.php(1135): CodeIgniter\View\View->render('user/profile/profile', [], true)
 5 APPPATH\Controllers\Profile.php(29): view('user/profile/profile', [...])
 6 SYSTEMPATH\CodeIgniter.php(896): App\Controllers\Profile->profile()
 7 SYSTEMPATH\CodeIgniter.php(466): CodeIgniter\CodeIgniter->runController(Object(App\Controllers\Profile))
 8 SYSTEMPATH\CodeIgniter.php(349): CodeIgniter\CodeIgniter->handleRequest(null, Object(Config\Cache), false)
 9 FCPATH\index.php(55): CodeIgniter\CodeIgniter->run()
CRITICAL - 2022-07-31 05:13:56 --> Undefined variable $items
in APPPATH\Views\user\profile\profile.php on line 130.
 1 APPPATH\Views\user\profile\profile.php(130): CodeIgniter\Debug\Exceptions->errorHandler(2, 'Undefined variable $items', 'APPPATH\\Views\\user\\profile\\profile.php', 130)
 2 SYSTEMPATH\View\View.php(213): include('APPPATH\\Views\\user\\profile\\profile.php')
 3 SYSTEMPATH\View\View.php(216): CodeIgniter\View\View->CodeIgniter\View\{closure}()
 4 SYSTEMPATH\Common.php(1135): CodeIgniter\View\View->render('user/profile/profile', [], true)
 5 APPPATH\Controllers\Profile.php(29): view('user/profile/profile', [...])
 6 SYSTEMPATH\CodeIgniter.php(896): App\Controllers\Profile->profile()
 7 SYSTEMPATH\CodeIgniter.php(466): CodeIgniter\CodeIgniter->runController(Object(App\Controllers\Profile))
 8 SYSTEMPATH\CodeIgniter.php(349): CodeIgniter\CodeIgniter->handleRequest(null, Object(Config\Cache), false)
 9 FCPATH\index.php(55): CodeIgniter\CodeIgniter->run()
CRITICAL - 2022-07-31 05:13:56 --> Undefined variable $items
in APPPATH\Views\user\profile\profile.php on line 130.
 1 APPPATH\Views\user\profile\profile.php(130): CodeIgniter\Debug\Exceptions->errorHandler(2, 'Undefined variable $items', 'APPPATH\\Views\\user\\profile\\profile.php', 130)
 2 SYSTEMPATH\View\View.php(213): include('APPPATH\\Views\\user\\profile\\profile.php')
 3 SYSTEMPATH\View\View.php(216): CodeIgniter\View\View->CodeIgniter\View\{closure}()
 4 SYSTEMPATH\Common.php(1135): CodeIgniter\View\View->render('user/profile/profile', [], true)
 5 APPPATH\Controllers\Profile.php(29): view('user/profile/profile', [...])
 6 SYSTEMPATH\CodeIgniter.php(896): App\Controllers\Profile->profile()
 7 SYSTEMPATH\CodeIgniter.php(466): CodeIgniter\CodeIgniter->runController(Object(App\Controllers\Profile))
 8 SYSTEMPATH\CodeIgniter.php(349): CodeIgniter\CodeIgniter->handleRequest(null, Object(Config\Cache), false)
 9 FCPATH\index.php(55): CodeIgniter\CodeIgniter->run()
CRITICAL - 2022-07-31 05:13:57 --> Undefined variable $items
in APPPATH\Views\user\profile\profile.php on line 130.
 1 APPPATH\Views\user\profile\profile.php(130): CodeIgniter\Debug\Exceptions->errorHandler(2, 'Undefined variable $items', 'APPPATH\\Views\\user\\profile\\profile.php', 130)
 2 SYSTEMPATH\View\View.php(213): include('APPPATH\\Views\\user\\profile\\profile.php')
 3 SYSTEMPATH\View\View.php(216): CodeIgniter\View\View->CodeIgniter\View\{closure}()
 4 SYSTEMPATH\Common.php(1135): CodeIgniter\View\View->render('user/profile/profile', [], true)
 5 APPPATH\Controllers\Profile.php(29): view('user/profile/profile', [...])
 6 SYSTEMPATH\CodeIgniter.php(896): App\Controllers\Profile->profile()
 7 SYSTEMPATH\CodeIgniter.php(466): CodeIgniter\CodeIgniter->runController(Object(App\Controllers\Profile))
 8 SYSTEMPATH\CodeIgniter.php(349): CodeIgniter\CodeIgniter->handleRequest(null, Object(Config\Cache), false)
 9 FCPATH\index.php(55): CodeIgniter\CodeIgniter->run()
CRITICAL - 2022-07-31 05:13:57 --> Undefined variable $items
in APPPATH\Views\user\profile\profile.php on line 130.
 1 APPPATH\Views\user\profile\profile.php(130): CodeIgniter\Debug\Exceptions->errorHandler(2, 'Undefined variable $items', 'APPPATH\\Views\\user\\profile\\profile.php', 130)
 2 SYSTEMPATH\View\View.php(213): include('APPPATH\\Views\\user\\profile\\profile.php')
 3 SYSTEMPATH\View\View.php(216): CodeIgniter\View\View->CodeIgniter\View\{closure}()
 4 SYSTEMPATH\Common.php(1135): CodeIgniter\View\View->render('user/profile/profile', [], true)
 5 APPPATH\Controllers\Profile.php(29): view('user/profile/profile', [...])
 6 SYSTEMPATH\CodeIgniter.php(896): App\Controllers\Profile->profile()
 7 SYSTEMPATH\CodeIgniter.php(466): CodeIgniter\CodeIgniter->runController(Object(App\Controllers\Profile))
 8 SYSTEMPATH\CodeIgniter.php(349): CodeIgniter\CodeIgniter->handleRequest(null, Object(Config\Cache), false)
 9 FCPATH\index.php(55): CodeIgniter\CodeIgniter->run()
CRITICAL - 2022-07-31 05:13:57 --> Undefined variable $items
in APPPATH\Views\user\profile\profile.php on line 130.
 1 APPPATH\Views\user\profile\profile.php(130): CodeIgniter\Debug\Exceptions->errorHandler(2, 'Undefined variable $items', 'APPPATH\\Views\\user\\profile\\profile.php', 130)
 2 SYSTEMPATH\View\View.php(213): include('APPPATH\\Views\\user\\profile\\profile.php')
 3 SYSTEMPATH\View\View.php(216): CodeIgniter\View\View->CodeIgniter\View\{closure}()
 4 SYSTEMPATH\Common.php(1135): CodeIgniter\View\View->render('user/profile/profile', [], true)
 5 APPPATH\Controllers\Profile.php(29): view('user/profile/profile', [...])
 6 SYSTEMPATH\CodeIgniter.php(896): App\Controllers\Profile->profile()
 7 SYSTEMPATH\CodeIgniter.php(466): CodeIgniter\CodeIgniter->runController(Object(App\Controllers\Profile))
 8 SYSTEMPATH\CodeIgniter.php(349): CodeIgniter\CodeIgniter->handleRequest(null, Object(Config\Cache), false)
 9 FCPATH\index.php(55): CodeIgniter\CodeIgniter->run()
CRITICAL - 2022-07-31 05:13:58 --> Undefined variable $items
in APPPATH\Views\user\profile\profile.php on line 130.
 1 APPPATH\Views\user\profile\profile.php(130): CodeIgniter\Debug\Exceptions->errorHandler(2, 'Undefined variable $items', 'APPPATH\\Views\\user\\profile\\profile.php', 130)
 2 SYSTEMPATH\View\View.php(213): include('APPPATH\\Views\\user\\profile\\profile.php')
 3 SYSTEMPATH\View\View.php(216): CodeIgniter\View\View->CodeIgniter\View\{closure}()
 4 SYSTEMPATH\Common.php(1135): CodeIgniter\View\View->render('user/profile/profile', [], true)
 5 APPPATH\Controllers\Profile.php(29): view('user/profile/profile', [...])
 6 SYSTEMPATH\CodeIgniter.php(896): App\Controllers\Profile->profile()
 7 SYSTEMPATH\CodeIgniter.php(466): CodeIgniter\CodeIgniter->runController(Object(App\Controllers\Profile))
 8 SYSTEMPATH\CodeIgniter.php(349): CodeIgniter\CodeIgniter->handleRequest(null, Object(Config\Cache), false)
 9 FCPATH\index.php(55): CodeIgniter\CodeIgniter->run()
CRITICAL - 2022-07-31 05:13:58 --> Undefined variable $items
in APPPATH\Views\user\profile\profile.php on line 130.
 1 APPPATH\Views\user\profile\profile.php(130): CodeIgniter\Debug\Exceptions->errorHandler(2, 'Undefined variable $items', 'APPPATH\\Views\\user\\profile\\profile.php', 130)
 2 SYSTEMPATH\View\View.php(213): include('APPPATH\\Views\\user\\profile\\profile.php')
 3 SYSTEMPATH\View\View.php(216): CodeIgniter\View\View->CodeIgniter\View\{closure}()
 4 SYSTEMPATH\Common.php(1135): CodeIgniter\View\View->render('user/profile/profile', [], true)
 5 APPPATH\Controllers\Profile.php(29): view('user/profile/profile', [...])
 6 SYSTEMPATH\CodeIgniter.php(896): App\Controllers\Profile->profile()
 7 SYSTEMPATH\CodeIgniter.php(466): CodeIgniter\CodeIgniter->runController(Object(App\Controllers\Profile))
 8 SYSTEMPATH\CodeIgniter.php(349): CodeIgniter\CodeIgniter->handleRequest(null, Object(Config\Cache), false)
 9 FCPATH\index.php(55): CodeIgniter\CodeIgniter->run()
CRITICAL - 2022-07-31 05:16:14 --> Undefined variable $items
in APPPATH\Views\user\profile\profile.php on line 130.
 1 APPPATH\Views\user\profile\profile.php(130): CodeIgniter\Debug\Exceptions->errorHandler(2, 'Undefined variable $items', 'APPPATH\\Views\\user\\profile\\profile.php', 130)
 2 SYSTEMPATH\View\View.php(213): include('APPPATH\\Views\\user\\profile\\profile.php')
 3 SYSTEMPATH\View\View.php(216): CodeIgniter\View\View->CodeIgniter\View\{closure}()
 4 SYSTEMPATH\Common.php(1135): CodeIgniter\View\View->render('user/profile/profile', [...], true)
 5 APPPATH\Controllers\Profile.php(31): view('user/profile/profile', [...], [...])
 6 SYSTEMPATH\CodeIgniter.php(896): App\Controllers\Profile->profile()
 7 SYSTEMPATH\CodeIgniter.php(466): CodeIgniter\CodeIgniter->runController(Object(App\Controllers\Profile))
 8 SYSTEMPATH\CodeIgniter.php(349): CodeIgniter\CodeIgniter->handleRequest(null, Object(Config\Cache), false)
 9 FCPATH\index.php(55): CodeIgniter\CodeIgniter->run()
CRITICAL - 2022-07-31 05:16:15 --> Undefined variable $items
in APPPATH\Views\user\profile\profile.php on line 130.
 1 APPPATH\Views\user\profile\profile.php(130): CodeIgniter\Debug\Exceptions->errorHandler(2, 'Undefined variable $items', 'APPPATH\\Views\\user\\profile\\profile.php', 130)
 2 SYSTEMPATH\View\View.php(213): include('APPPATH\\Views\\user\\profile\\profile.php')
 3 SYSTEMPATH\View\View.php(216): CodeIgniter\View\View->CodeIgniter\View\{closure}()
 4 SYSTEMPATH\Common.php(1135): CodeIgniter\View\View->render('user/profile/profile', [...], true)
 5 APPPATH\Controllers\Profile.php(31): view('user/profile/profile', [...], [...])
 6 SYSTEMPATH\CodeIgniter.php(896): App\Controllers\Profile->profile()
 7 SYSTEMPATH\CodeIgniter.php(466): CodeIgniter\CodeIgniter->runController(Object(App\Controllers\Profile))
 8 SYSTEMPATH\CodeIgniter.php(349): CodeIgniter\CodeIgniter->handleRequest(null, Object(Config\Cache), false)
 9 FCPATH\index.php(55): CodeIgniter\CodeIgniter->run()
CRITICAL - 2022-07-31 05:16:43 --> Undefined variable $pager
in APPPATH\Views\user\profile\profile.php on line 258.
 1 APPPATH\Views\user\profile\profile.php(258): CodeIgniter\Debug\Exceptions->errorHandler(2, 'Undefined variable $pager', 'APPPATH\\Views\\user\\profile\\profile.php', 258)
 2 SYSTEMPATH\View\View.php(213): include('APPPATH\\Views\\user\\profile\\profile.php')
 3 SYSTEMPATH\View\View.php(216): CodeIgniter\View\View->CodeIgniter\View\{closure}()
 4 SYSTEMPATH\Common.php(1135): CodeIgniter\View\View->render('user/profile/profile', [], true)
 5 APPPATH\Controllers\Profile.php(29): view('user/profile/profile', [...])
 6 SYSTEMPATH\CodeIgniter.php(896): App\Controllers\Profile->profile()
 7 SYSTEMPATH\CodeIgniter.php(466): CodeIgniter\CodeIgniter->runController(Object(App\Controllers\Profile))
 8 SYSTEMPATH\CodeIgniter.php(349): CodeIgniter\CodeIgniter->handleRequest(null, Object(Config\Cache), false)
 9 FCPATH\index.php(55): CodeIgniter\CodeIgniter->run()
CRITICAL - 2022-07-31 12:12:21 --> unlink(C:\xampp\htdocs\FitHealth\writable\debugbar/debugbar_1659263934.312402.json): No such file or directory
in SYSTEMPATH\Debug\Toolbar\Collectors\History.php on line 76.
 1 [internal function]: CodeIgniter\Debug\Exceptions->errorHandler(2, 'unlink(C:\\xampp\\htdocs\\FitHealth\\writable\\debugbar/debugbar_1659263934.312402.json): No such file or directory', 'SYSTEMPATH\\Debug\\Toolbar\\Collectors\\History.php', 76)
 2 SYSTEMPATH\Debug\Toolbar\Collectors\History.php(76): unlink('FCPATH\\writable\\debugbar/debugbar_1659263934.312402.json')
 3 SYSTEMPATH\Debug\Toolbar.php(495): CodeIgniter\Debug\Toolbar\Collectors\History->setFiles('1659287541.133803', 20)
 4 SYSTEMPATH\Debug\Toolbar.php(472): CodeIgniter\Debug\Toolbar->format([...], 'html')
 5 APPPATH\Config\Events.php(46): CodeIgniter\Debug\Toolbar->respond()
 6 SYSTEMPATH\Events\Events.php(149): CodeIgniter\Events\Events::Config\{closure}()
 7 SYSTEMPATH\CodeIgniter.php(326): CodeIgniter\Events\Events::trigger('pre_system')
 8 FCPATH\index.php(55): CodeIgniter\CodeIgniter->run()
