CRITICAL - 2022-07-11 13:33:03 --> Undefined variable $name
in APPPATH\Views\user\home\index.php on line 6.
 1 APPPATH\Views\user\home\index.php(6): CodeIgniter\Debug\Exceptions->errorHandler(2, 'Undefined variable $name', 'APPPATH\\Views\\user\\home\\index.php', 6)
 2 SYSTEMPATH\View\View.php(213): include('APPPATH\\Views\\user\\home\\index.php')
 3 SYSTEMPATH\View\View.php(216): CodeIgniter\View\View->CodeIgniter\View\{closure}()
 4 SYSTEMPATH\Common.php(1135): CodeIgniter\View\View->render('user/home/index', [], true)
 5 APPPATH\Controllers\Login.php(62): view('user/home/index')
 6 SYSTEMPATH\CodeIgniter.php(896): App\Controllers\Login->userSignup()
 7 SYSTEMPATH\CodeIgniter.php(466): CodeIgniter\CodeIgniter->runController(Object(App\Controllers\Login))
 8 SYSTEMPATH\CodeIgniter.php(349): CodeIgniter\CodeIgniter->handleRequest(null, Object(Config\Cache), false)
 9 FCPATH\index.php(55): CodeIgniter\CodeIgniter->run()
CRITICAL - 2022-07-11 13:45:13 --> Call to undefined function set_value()
in APPPATH\Views\user\login\login.php on line 78.
 1 SYSTEMPATH\View\View.php(213): include()
 2 SYSTEMPATH\View\View.php(216): CodeIgniter\View\View->CodeIgniter\View\{closure}()
 3 SYSTEMPATH\Common.php(1135): CodeIgniter\View\View->render('user/login/login', [], true)
 4 APPPATH\Controllers\Login.php(16): view('user/login/login')
 5 SYSTEMPATH\CodeIgniter.php(896): App\Controllers\Login->login()
 6 SYSTEMPATH\CodeIgniter.php(466): CodeIgniter\CodeIgniter->runController(Object(App\Controllers\Login))
 7 SYSTEMPATH\CodeIgniter.php(349): CodeIgniter\CodeIgniter->handleRequest(null, Object(Config\Cache), false)
 8 FCPATH\index.php(55): CodeIgniter\CodeIgniter->run()
CRITICAL - 2022-07-11 13:45:13 --> Call to undefined function set_value()
in APPPATH\Views\user\login\login.php on line 78.
 1 SYSTEMPATH\View\View.php(213): include()
 2 SYSTEMPATH\View\View.php(216): CodeIgniter\View\View->CodeIgniter\View\{closure}()
 3 SYSTEMPATH\Common.php(1135): CodeIgniter\View\View->render('user/login/login', [], true)
 4 APPPATH\Controllers\Login.php(16): view('user/login/login')
 5 SYSTEMPATH\CodeIgniter.php(896): App\Controllers\Login->login()
 6 SYSTEMPATH\CodeIgniter.php(466): CodeIgniter\CodeIgniter->runController(Object(App\Controllers\Login))
 7 SYSTEMPATH\CodeIgniter.php(349): CodeIgniter\CodeIgniter->handleRequest(null, Object(Config\Cache), false)
 8 FCPATH\index.php(55): CodeIgniter\CodeIgniter->run()
CRITICAL - 2022-07-11 14:27:49 --> Call to undefined function set_value()
in APPPATH\Views\user\login\login.php on line 76.
 1 SYSTEMPATH\View\View.php(213): include()
 2 SYSTEMPATH\View\View.php(216): CodeIgniter\View\View->CodeIgniter\View\{closure}()
 3 SYSTEMPATH\Common.php(1135): CodeIgniter\View\View->render('user/login/login', [], true)
 4 APPPATH\Controllers\Login.php(16): view('user/login/login')
 5 SYSTEMPATH\CodeIgniter.php(896): App\Controllers\Login->login()
 6 SYSTEMPATH\CodeIgniter.php(466): CodeIgniter\CodeIgniter->runController(Object(App\Controllers\Login))
 7 SYSTEMPATH\CodeIgniter.php(349): CodeIgniter\CodeIgniter->handleRequest(null, Object(Config\Cache), false)
 8 FCPATH\index.php(55): CodeIgniter\CodeIgniter->run()
CRITICAL - 2022-07-11 14:28:53 --> Call to undefined function set_value()
in APPPATH\Views\user\login\login.php on line 77.
 1 SYSTEMPATH\View\View.php(213): include()
 2 SYSTEMPATH\View\View.php(216): CodeIgniter\View\View->CodeIgniter\View\{closure}()
 3 SYSTEMPATH\Common.php(1135): CodeIgniter\View\View->render('user/login/login', [], true)
 4 APPPATH\Controllers\Login.php(16): view('user/login/login')
 5 SYSTEMPATH\CodeIgniter.php(896): App\Controllers\Login->login()
 6 SYSTEMPATH\CodeIgniter.php(466): CodeIgniter\CodeIgniter->runController(Object(App\Controllers\Login))
 7 SYSTEMPATH\CodeIgniter.php(349): CodeIgniter\CodeIgniter->handleRequest(null, Object(Config\Cache), false)
 8 FCPATH\index.php(55): CodeIgniter\CodeIgniter->run()
